<?xml version="1.0" encoding="UTF-8"?>
<coverage generated="1750911371729" clover="3.2.0">
  <project timestamp="1750911371729" name="All files">
    <metrics statements="31" coveredstatements="23" conditionals="35" coveredconditionals="23" methods="9" coveredmethods="6" elements="75" coveredelements="52" complexity="0" loc="31" ncloc="31" packages="1" files="2" classes="2"/>
    <file name="password-service.js" path="/Users/gugulethu/code/repos/authentique/lib/core/password-service.js">
      <metrics statements="15" coveredstatements="14" conditionals="20" coveredconditionals="18" methods="4" coveredmethods="4"/>
      <line num="12" count="1" type="cond" truecount="2" falsecount="0"/>
      <line num="13" count="1" type="cond" truecount="2" falsecount="0"/>
      <line num="14" count="1" type="cond" truecount="2" falsecount="0"/>
      <line num="23" count="2" type="cond" truecount="2" falsecount="0"/>
      <line num="24" count="1" type="stmt"/>
      <line num="26" count="1" type="stmt"/>
      <line num="36" count="2" type="cond" truecount="3" falsecount="1"/>
      <line num="37" count="0" type="stmt"/>
      <line num="39" count="2" type="stmt"/>
      <line num="48" count="2" type="stmt"/>
      <line num="49" count="2" type="stmt"/>
      <line num="50" count="2" type="stmt"/>
      <line num="51" count="2" type="stmt"/>
      <line num="52" count="2" type="cond" truecount="1" falsecount="1"/>
      <line num="56" count="2" type="stmt"/>
    </file>
    <file name="token-service.js" path="/Users/gugulethu/code/repos/authentique/lib/core/token-service.js">
      <metrics statements="16" coveredstatements="9" conditionals="15" coveredconditionals="5" methods="5" coveredmethods="2"/>
      <line num="5" count="1" type="cond" truecount="1" falsecount="1"/>
      <line num="6" count="0" type="stmt"/>
      <line num="8" count="1" type="stmt"/>
      <line num="9" count="1" type="cond" truecount="1" falsecount="1"/>
      <line num="10" count="1" type="cond" truecount="1" falsecount="1"/>
      <line num="14" count="0" type="cond" truecount="0" falsecount="2"/>
      <line num="15" count="0" type="stmt"/>
      <line num="21" count="0" type="cond" truecount="0" falsecount="2"/>
      <line num="22" count="0" type="stmt"/>
      <line num="28" count="5" type="cond" truecount="2" falsecount="0"/>
      <line num="29" count="3" type="stmt"/>
      <line num="31" count="2" type="stmt"/>
      <line num="32" count="2" type="stmt"/>
      <line num="34" count="2" type="stmt"/>
      <line num="39" count="0" type="cond" truecount="0" falsecount="2"/>
      <line num="40" count="0" type="stmt"/>
    </file>
  </project>
</coverage>
