{"/Users/gugulethu/code/repos/authentique/lib/core/password-service.js": {"path":"/Users/gugulethu/code/repos/authentique/lib/core/password-service.js","statementMap":{"0":{"start":{"line":12,"column":4},"end":{"line":12,"column":46}},"1":{"start":{"line":13,"column":4},"end":{"line":13,"column":59}},"2":{"start":{"line":14,"column":4},"end":{"line":14,"column":64}},"3":{"start":{"line":23,"column":4},"end":{"line":25,"column":5}},"4":{"start":{"line":24,"column":6},"end":{"line":24,"column":50}},"5":{"start":{"line":26,"column":4},"end":{"line":26,"column":65}},"6":{"start":{"line":36,"column":4},"end":{"line":38,"column":5}},"7":{"start":{"line":37,"column":6},"end":{"line":37,"column":19}},"8":{"start":{"line":39,"column":4},"end":{"line":39,"column":57}},"9":{"start":{"line":48,"column":25},"end":{"line":48,"column":66}},"10":{"start":{"line":49,"column":25},"end":{"line":49,"column":47}},"11":{"start":{"line":50,"column":25},"end":{"line":50,"column":47}},"12":{"start":{"line":51,"column":22},"end":{"line":51,"column":44}},"13":{"start":{"line":52,"column":27},"end":{"line":54,"column":12}},"14":{"start":{"line":56,"column":4},"end":{"line":62,"column":6}}},"fnMap":{"0":{"name":"(anonymous_0)","decl":{"start":{"line":10,"column":2},"end":{"line":10,"column":3}},"loc":{"start":{"line":10,"column":27},"end":{"line":15,"column":3}},"line":10},"1":{"name":"(anonymous_1)","decl":{"start":{"line":22,"column":2},"end":{"line":22,"column":3}},"loc":{"start":{"line":22,"column":40},"end":{"line":27,"column":3}},"line":22},"2":{"name":"(anonymous_2)","decl":{"start":{"line":35,"column":2},"end":{"line":35,"column":3}},"loc":{"start":{"line":35,"column":49},"end":{"line":40,"column":3}},"line":35},"3":{"name":"(anonymous_3)","decl":{"start":{"line":47,"column":2},"end":{"line":47,"column":3}},"loc":{"start":{"line":47,"column":30},"end":{"line":63,"column":3}},"line":47}},"branchMap":{"0":{"loc":{"start":{"line":10,"column":14},"end":{"line":10,"column":25}},"type":"default-arg","locations":[{"start":{"line":10,"column":23},"end":{"line":10,"column":25}}],"line":10},"1":{"loc":{"start":{"line":12,"column":22},"end":{"line":12,"column":45}},"type":"binary-expr","locations":[{"start":{"line":12,"column":22},"end":{"line":12,"column":39}},{"start":{"line":12,"column":43},"end":{"line":12,"column":45}}],"line":12},"2":{"loc":{"start":{"line":13,"column":29},"end":{"line":13,"column":58}},"type":"binary-expr","locations":[{"start":{"line":13,"column":29},"end":{"line":13,"column":53}},{"start":{"line":13,"column":57},"end":{"line":13,"column":58}}],"line":13},"3":{"loc":{"start":{"line":14,"column":30},"end":{"line":14,"column":63}},"type":"binary-expr","locations":[{"start":{"line":14,"column":30},"end":{"line":14,"column":55}},{"start":{"line":14,"column":59},"end":{"line":14,"column":63}}],"line":14},"4":{"loc":{"start":{"line":23,"column":4},"end":{"line":25,"column":5}},"type":"if","locations":[{"start":{"line":23,"column":4},"end":{"line":25,"column":5}},{"start":{},"end":{}}],"line":23},"5":{"loc":{"start":{"line":36,"column":4},"end":{"line":38,"column":5}},"type":"if","locations":[{"start":{"line":36,"column":4},"end":{"line":38,"column":5}},{"start":{},"end":{}}],"line":36},"6":{"loc":{"start":{"line":36,"column":8},"end":{"line":36,"column":35}},"type":"binary-expr","locations":[{"start":{"line":36,"column":8},"end":{"line":36,"column":26}},{"start":{"line":36,"column":30},"end":{"line":36,"column":35}}],"line":36},"7":{"loc":{"start":{"line":52,"column":27},"end":{"line":54,"column":12}},"type":"cond-expr","locations":[{"start":{"line":53,"column":8},"end":{"line":53,"column":47}},{"start":{"line":54,"column":8},"end":{"line":54,"column":12}}],"line":52},"8":{"loc":{"start":{"line":57,"column":6},"end":{"line":61,"column":20}},"type":"binary-expr","locations":[{"start":{"line":57,"column":6},"end":{"line":57,"column":18}},{"start":{"line":58,"column":6},"end":{"line":58,"column":18}},{"start":{"line":59,"column":6},"end":{"line":59,"column":18}},{"start":{"line":60,"column":6},"end":{"line":60,"column":15}},{"start":{"line":61,"column":6},"end":{"line":61,"column":20}}],"line":57}},"s":{"0":1,"1":1,"2":1,"3":2,"4":1,"5":1,"6":2,"7":0,"8":2,"9":2,"10":2,"11":2,"12":2,"13":2,"14":2},"f":{"0":1,"1":2,"2":2,"3":2},"b":{"0":[1],"1":[1,1],"2":[1,1],"3":[1,1],"4":[1,1],"5":[0,2],"6":[2,2],"7":[2,0],"8":[2,1,1,1,1]},"_coverageSchema":"1a1c01bbd47fc00a2c39e90264f33305004495a9","hash":"1c567c8e17fab022461444d9ee6211bec4bde281"}
,"/Users/gugulethu/code/repos/authentique/lib/core/token-service.js": {"path":"/Users/gugulethu/code/repos/authentique/lib/core/token-service.js","statementMap":{"0":{"start":{"line":5,"column":4},"end":{"line":7,"column":5}},"1":{"start":{"line":6,"column":6},"end":{"line":6,"column":48}},"2":{"start":{"line":8,"column":4},"end":{"line":8,"column":32}},"3":{"start":{"line":9,"column":4},"end":{"line":9,"column":53}},"4":{"start":{"line":10,"column":4},"end":{"line":10,"column":54}},"5":{"start":{"line":14,"column":4},"end":{"line":14,"column":55}},"6":{"start":{"line":14,"column":17},"end":{"line":14,"column":55}},"7":{"start":{"line":15,"column":4},"end":{"line":17,"column":7}},"8":{"start":{"line":21,"column":4},"end":{"line":21,"column":55}},"9":{"start":{"line":21,"column":17},"end":{"line":21,"column":55}},"10":{"start":{"line":22,"column":4},"end":{"line":24,"column":7}},"11":{"start":{"line":28,"column":4},"end":{"line":30,"column":5}},"12":{"start":{"line":29,"column":6},"end":{"line":29,"column":50}},"13":{"start":{"line":31,"column":4},"end":{"line":35,"column":5}},"14":{"start":{"line":32,"column":6},"end":{"line":32,"column":44}},"15":{"start":{"line":34,"column":6},"end":{"line":34,"column":50}},"16":{"start":{"line":39,"column":4},"end":{"line":39,"column":28}},"17":{"start":{"line":39,"column":16},"end":{"line":39,"column":28}},"18":{"start":{"line":40,"column":4},"end":{"line":40,"column":29}}},"fnMap":{"0":{"name":"(anonymous_0)","decl":{"start":{"line":4,"column":2},"end":{"line":4,"column":3}},"loc":{"start":{"line":4,"column":27},"end":{"line":11,"column":3}},"line":4},"1":{"name":"(anonymous_1)","decl":{"start":{"line":13,"column":2},"end":{"line":13,"column":3}},"loc":{"start":{"line":13,"column":30},"end":{"line":18,"column":3}},"line":13},"2":{"name":"(anonymous_2)","decl":{"start":{"line":20,"column":2},"end":{"line":20,"column":3}},"loc":{"start":{"line":20,"column":31},"end":{"line":25,"column":3}},"line":20},"3":{"name":"(anonymous_3)","decl":{"start":{"line":27,"column":2},"end":{"line":27,"column":3}},"loc":{"start":{"line":27,"column":21},"end":{"line":36,"column":3}},"line":27},"4":{"name":"(anonymous_4)","decl":{"start":{"line":38,"column":2},"end":{"line":38,"column":3}},"loc":{"start":{"line":38,"column":21},"end":{"line":41,"column":3}},"line":38}},"branchMap":{"0":{"loc":{"start":{"line":4,"column":14},"end":{"line":4,"column":25}},"type":"default-arg","locations":[{"start":{"line":4,"column":23},"end":{"line":4,"column":25}}],"line":4},"1":{"loc":{"start":{"line":5,"column":4},"end":{"line":7,"column":5}},"type":"if","locations":[{"start":{"line":5,"column":4},"end":{"line":7,"column":5}},{"start":{},"end":{}}],"line":5},"2":{"loc":{"start":{"line":9,"column":24},"end":{"line":9,"column":52}},"type":"binary-expr","locations":[{"start":{"line":9,"column":24},"end":{"line":9,"column":43}},{"start":{"line":9,"column":47},"end":{"line":9,"column":52}}],"line":9},"3":{"loc":{"start":{"line":10,"column":25},"end":{"line":10,"column":53}},"type":"binary-expr","locations":[{"start":{"line":10,"column":25},"end":{"line":10,"column":45}},{"start":{"line":10,"column":49},"end":{"line":10,"column":53}}],"line":10},"4":{"loc":{"start":{"line":14,"column":4},"end":{"line":14,"column":55}},"type":"if","locations":[{"start":{"line":14,"column":4},"end":{"line":14,"column":55}},{"start":{},"end":{}}],"line":14},"5":{"loc":{"start":{"line":21,"column":4},"end":{"line":21,"column":55}},"type":"if","locations":[{"start":{"line":21,"column":4},"end":{"line":21,"column":55}},{"start":{},"end":{}}],"line":21},"6":{"loc":{"start":{"line":28,"column":4},"end":{"line":30,"column":5}},"type":"if","locations":[{"start":{"line":28,"column":4},"end":{"line":30,"column":5}},{"start":{},"end":{}}],"line":28},"7":{"loc":{"start":{"line":39,"column":4},"end":{"line":39,"column":28}},"type":"if","locations":[{"start":{"line":39,"column":4},"end":{"line":39,"column":28}},{"start":{},"end":{}}],"line":39}},"s":{"0":1,"1":0,"2":1,"3":1,"4":1,"5":0,"6":0,"7":0,"8":0,"9":0,"10":0,"11":5,"12":3,"13":2,"14":2,"15":2,"16":0,"17":0,"18":0},"f":{"0":1,"1":0,"2":0,"3":5,"4":0},"b":{"0":[0],"1":[0,1],"2":[1,0],"3":[1,0],"4":[0,0],"5":[0,0],"6":[3,2],"7":[0,0]},"_coverageSchema":"1a1c01bbd47fc00a2c39e90264f33305004495a9","hash":"3c309f362617a272528061da4882f541dedba2c0"}
}
