TN:
SF:lib/core/password-service.js
FN:10,(anonymous_0)
FN:22,(anonymous_1)
FN:35,(anonymous_2)
FN:47,(anonymous_3)
FNF:4
FNH:4
FNDA:1,(anonymous_0)
FNDA:2,(anonymous_1)
FNDA:2,(anonymous_2)
FNDA:2,(anonymous_3)
DA:12,1
DA:13,1
DA:14,1
DA:23,2
DA:24,1
DA:26,1
DA:36,2
DA:37,0
DA:39,2
DA:48,2
DA:49,2
DA:50,2
DA:51,2
DA:52,2
DA:56,2
LF:15
LH:14
BRDA:10,0,0,1
BRDA:12,1,0,1
BRDA:12,1,1,1
BRDA:13,2,0,1
BRDA:13,2,1,1
BRDA:14,3,0,1
BRDA:14,3,1,1
BRDA:23,4,0,1
BRDA:23,4,1,1
BRDA:36,5,0,0
BRDA:36,5,1,2
BRDA:36,6,0,2
BRDA:36,6,1,2
BRDA:52,7,0,2
BRDA:52,7,1,0
BRDA:57,8,0,2
BRDA:57,8,1,1
BRDA:57,8,2,1
BRDA:57,8,3,1
BRDA:57,8,4,1
BRF:20
BRH:18
end_of_record
TN:
SF:lib/core/token-service.js
FN:4,(anonymous_0)
FN:13,(anonymous_1)
FN:20,(anonymous_2)
FN:27,(anonymous_3)
FN:38,(anonymous_4)
FNF:5
FNH:2
FNDA:1,(anonymous_0)
FNDA:0,(anonymous_1)
FNDA:0,(anonymous_2)
FNDA:5,(anonymous_3)
FNDA:0,(anonymous_4)
DA:5,1
DA:6,0
DA:8,1
DA:9,1
DA:10,1
DA:14,0
DA:15,0
DA:21,0
DA:22,0
DA:28,5
DA:29,3
DA:31,2
DA:32,2
DA:34,2
DA:39,0
DA:40,0
LF:16
LH:9
BRDA:4,0,0,0
BRDA:5,1,0,0
BRDA:5,1,1,1
BRDA:9,2,0,1
BRDA:9,2,1,0
BRDA:10,3,0,1
BRDA:10,3,1,0
BRDA:14,4,0,0
BRDA:14,4,1,0
BRDA:21,5,0,0
BRDA:21,5,1,0
BRDA:28,6,0,3
BRDA:28,6,1,2
BRDA:39,7,0,0
BRDA:39,7,1,0
BRF:15
BRH:5
end_of_record
